Added Component: Designator=C1(smd cap)
Add component. Clean all parameters for all variants
Added Component: Designator=C2(smd cap)
Add component. Clean all parameters for all variants
Added Component: Designator=H1(Header 1x6 2.54mm)
Add component. Clean all parameters for all variants
Added Component: Designator=H2(HEADER 1X2 2.54mm)
Add component. Clean all parameters for all variants
Added Component: Designator=H3(HEADER 1X2 2.54mm)
Add component. Clean all parameters for all variants
Added Component: Designator=R1(smd res)
Add component. Clean all parameters for all variants
Added Component: Designator=R2(smd res)
Add component. Clean all parameters for all variants
Added Component: Designator=R3(smd res)
Add component. Clean all parameters for all variants
Added Component: Designator=R4(smd res)
Add component. Clean all parameters for all variants
Added Component: Designator=R5(smd res)
Add component. Clean all parameters for all variants
Added Component: Designator=R6(smd res)
Add component. Clean all parameters for all variants
Added Component: Designator=R7(smd res)
Add component. Clean all parameters for all variants
Added Component: Designator=R8(smd res)
Add component. Clean all parameters for all variants
Added Component: Designator=R9(smd res)
Add component. Clean all parameters for all variants
Added Component: Designator=R10(smd res)
Add component. Clean all parameters for all variants
Added Component: Designator=R11(smd trimpot)
Add component. Clean all parameters for all variants
Added Component: Designator=T1(TO-92)
Add component. Clean all parameters for all variants
Added Component: Designator=T2(smd mosfet)
Add component. Clean all parameters for all variants
Added Component: Designator=T3(smd mosfet)
Add component. Clean all parameters for all variants
Added Component: Designator=T4(smd mosfet)
Add component. Clean all parameters for all variants
Added Component: Designator=T5(smd mosfet)
Add component. Clean all parameters for all variants
Added Component: Designator=T6(smd mosfet)
Add component. Clean all parameters for all variants
Added Component: Designator=T7(smd mosfet)
Add component. Clean all parameters for all variants
Added Component: Designator=U1(atmega238p)
Add component. Clean all parameters for all variants
Added Component: Designator=U2(SOIC127P1030X265-14N)
Add component. Clean all parameters for all variants
Added Component: Designator=X1(xtal)
Add component. Clean all parameters for all variants
Added Pin To Net: NetName=NetC1_1 Pin=C1-1
Added Pin To Net: NetName=GND Pin=C1-2
Added Pin To Net: NetName=NetC2_1 Pin=C2-1
Added Pin To Net: NetName=GND Pin=C2-2
Added Pin To Net: NetName=motorA Pin=H1-1
Added Pin To Net: NetName=motorB Pin=H1-2
Added Pin To Net: NetName=motorC Pin=H1-3
Added Pin To Net: NetName=sen-A Pin=H1-4
Added Pin To Net: NetName=sen-B Pin=H1-5
Added Pin To Net: NetName=sen-C Pin=H1-6
Added Pin To Net: NetName=3.3V Pin=H2-1
Added Pin To Net: NetName=GND Pin=H2-2
Added Pin To Net: NetName=26V Pin=H3-1
Added Pin To Net: NetName=GND Pin=H3-2
Added Pin To Net: NetName=NetR1_1 Pin=R1-1
Added Pin To Net: NetName=3.3V Pin=R1-2
Added Pin To Net: NetName=sen-A Pin=R2-2
Added Pin To Net: NetName=sen-B Pin=R3-2
Added Pin To Net: NetName=sen-C Pin=R4-2
Added Pin To Net: NetName=BackemfA Pin=R5-1
Added Pin To Net: NetName=GND Pin=R5-2
Added Pin To Net: NetName=BackemfB Pin=R6-1
Added Pin To Net: NetName=GND Pin=R6-2
Added Pin To Net: NetName=BackemfC Pin=R7-1
Added Pin To Net: NetName=GND Pin=R7-2
Added Pin To Net: NetName=NetR8_1 Pin=R8-1
Added Pin To Net: NetName=BackemfA Pin=R8-2
Added Pin To Net: NetName=NetR8_1 Pin=R9-1
Added Pin To Net: NetName=BackemfB Pin=R9-2
Added Pin To Net: NetName=NetR8_1 Pin=R10-1
Added Pin To Net: NetName=BackemfC Pin=R10-2
Added Pin To Net: NetName=5V Pin=R11-1
Added Pin To Net: NetName=GND Pin=R11-2
Added Pin To Net: NetName=NetR11_3 Pin=R11-3
Added Pin To Net: NetName=NetR1_1 Pin=T1-1
Added Pin To Net: NetName=NetR8_1 Pin=T1-2
Added Pin To Net: NetName=GND Pin=T1-3
Added Pin To Net: NetName=HA Pin=T2-1
Added Pin To Net: NetName=26V Pin=T2-2
Added Pin To Net: NetName=NetT2_3 Pin=T2-3
Added Pin To Net: NetName=HB Pin=T3-1
Added Pin To Net: NetName=26V Pin=T3-2
Added Pin To Net: NetName=NetT3_3 Pin=T3-3
Added Pin To Net: NetName=HC Pin=T4-1
Added Pin To Net: NetName=26V Pin=T4-2
Added Pin To Net: NetName=NetT4_3 Pin=T4-3
Added Pin To Net: NetName=LA Pin=T5-1
Added Pin To Net: NetName=NetT2_3 Pin=T5-2
Added Pin To Net: NetName=GND Pin=T5-3
Added Pin To Net: NetName=LB Pin=T6-1
Added Pin To Net: NetName=NetT3_3 Pin=T6-2
Added Pin To Net: NetName=GND Pin=T6-3
Added Pin To Net: NetName=LC Pin=T7-1
Added Pin To Net: NetName=NetT4_3 Pin=T7-2
Added Pin To Net: NetName=GND Pin=T7-3
Added Pin To Net: NetName=GND Pin=U1-3
Added Pin To Net: NetName=3.3V Pin=U1-4
Added Pin To Net: NetName=GND Pin=U1-5
Added Pin To Net: NetName=3.3V Pin=U1-6
Added Pin To Net: NetName=NetC1_1 Pin=U1-7
Added Pin To Net: NetName=NetC2_1 Pin=U1-8
Added Pin To Net: NetName=NetU1_10 Pin=U1-10
Added Pin To Net: NetName=NetU1_12 Pin=U1-12
Added Pin To Net: NetName=NetU1_13 Pin=U1-13
Added Pin To Net: NetName=NetU1_14 Pin=U1-14
Added Pin To Net: NetName=NetU1_15 Pin=U1-15
Added Pin To Net: NetName=NetU1_16 Pin=U1-16
Added Pin To Net: NetName=NetU1_17 Pin=U1-17
Added Pin To Net: NetName=3.3V Pin=U1-20
Added Pin To Net: NetName=GND Pin=U1-21
Added Pin To Net: NetName=NetU1_23 Pin=U1-23
Added Pin To Net: NetName=NetU1_24 Pin=U1-24
Added Pin To Net: NetName=NetU1_25 Pin=U1-25
Added Pin To Net: NetName=NetR11_3 Pin=U1-26
Added Pin To Net: NetName=3.3V Pin=U1-29
Added Pin To Net: NetName=NetR1_1 Pin=U1-32
Added Pin To Net: NetName=Speed Pin=U2-1
Added Pin To Net: NetName=IO8 Pin=U2-2
Added Pin To Net: NetName=HA Pin=U2-3
Added Pin To Net: NetName=Speed Pin=U2-4
Added Pin To Net: NetName=IO10 Pin=U2-5
Added Pin To Net: NetName=HB Pin=U2-6
Added Pin To Net: NetName=GND Pin=U2-7
Added Pin To Net: NetName=HC Pin=U2-8
Added Pin To Net: NetName=Speed Pin=U2-9
Added Pin To Net: NetName=IO12 Pin=U2-10
Added Pin To Net: NetName=3.3V Pin=U2-14
Added Pin To Net: NetName=NetC1_1 Pin=X1-1
Added Pin To Net: NetName=GND Pin=X1-2
Added Pin To Net: NetName=NetC2_1 Pin=X1-3
Added Pin To Net: NetName=GND Pin=X1-4
Added Member To Class: ClassName=schematic Member=Component C1 22pF Smd
Added Member To Class: ClassName=schematic Member=Component C2 22pF Smd
Added Member To Class: ClassName=schematic Member=Component H1 header 1x6 2.54mm
Added Member To Class: ClassName=schematic Member=Component H2 header 1x2 2.54mm
Added Member To Class: ClassName=schematic Member=Component H3 header 1x2 2.54mm
Added Member To Class: ClassName=schematic Member=Component R1 10K Res
Added Member To Class: ClassName=schematic Member=Component R2 RES 1K
Added Member To Class: ClassName=schematic Member=Component R3 RES 1K
Added Member To Class: ClassName=schematic Member=Component R4 RES 1K
Added Member To Class: ClassName=schematic Member=Component R5 RES 1K
Added Member To Class: ClassName=schematic Member=Component R6 RES 1K
Added Member To Class: ClassName=schematic Member=Component R7 RES 1K
Added Member To Class: ClassName=schematic Member=Component R8 RES 1K
Added Member To Class: ClassName=schematic Member=Component R9 RES 1K
Added Member To Class: ClassName=schematic Member=Component R10 RES 1K
Added Member To Class: ClassName=schematic Member=Component R11 1k  POT
Added Member To Class: ClassName=schematic Member=Component T1 BC547
Added Member To Class: ClassName=schematic Member=Component T2 IRF3205
Added Member To Class: ClassName=schematic Member=Component T3 IRF3205
Added Member To Class: ClassName=schematic Member=Component T4 IRF3205
Added Member To Class: ClassName=schematic Member=Component T5 IRF3205
Added Member To Class: ClassName=schematic Member=Component T6 IRF3205
Added Member To Class: ClassName=schematic Member=Component T7 IRF3205
Added Member To Class: ClassName=schematic Member=Component U1 atmega328p
Added Member To Class: ClassName=schematic Member=Component U2 74hc08 and gate
Added Member To Class: ClassName=schematic Member=Component X1 XTAL
Added Room: Name=schematic
