Added Component: Designator=*(smd trimpot)
Add component. Clean all parameters for all variants
Added Component: Designator=C1(smd cap)
Add component. Clean all parameters for all variants
Added Component: Designator=C2(smd cap)
Add component. Clean all parameters for all variants
Added Component: Designator=P2(HDR1X6)
Add component. Clean all parameters for all variants
Add component (AddParameter): Name = "LatestRevisionDate"; Value = "17-Jul-2002"; VariantName = "[No Variations]"
Add component (AddParameter): Name = "LatestRevisionNote"; Value = "Re-released for DXP Platform."; VariantName = "[No Variations]"
Add component (AddParameter): Name = "Publisher"; Value = "Altium Limited"; VariantName = "[No Variations]"
Added Component: Designator=P3(HDR1X2)
Add component. Clean all parameters for all variants
Add component (AddParameter): Name = "LatestRevisionDate"; Value = "17-Jul-2002"; VariantName = "[No Variations]"
Add component (AddParameter): Name = "LatestRevisionNote"; Value = "Re-released for DXP Platform."; VariantName = "[No Variations]"
Add component (AddParameter): Name = "Publisher"; Value = "Altium Limited"; VariantName = "[No Variations]"
Added Component: Designator=P4(HDR1X2)
Add component. Clean all parameters for all variants
Add component (AddParameter): Name = "LatestRevisionDate"; Value = "17-Jul-2002"; VariantName = "[No Variations]"
Add component (AddParameter): Name = "LatestRevisionNote"; Value = "Re-released for DXP Platform."; VariantName = "[No Variations]"
Add component (AddParameter): Name = "Publisher"; Value = "Altium Limited"; VariantName = "[No Variations]"
Added Component: Designator=R1(smd res)
Add component. Clean all parameters for all variants
Added Component: Designator=R2(smd res)
Add component. Clean all parameters for all variants
Added Component: Designator=R3(smd res)
Add component. Clean all parameters for all variants
Added Component: Designator=R4(smd res)
Add component. Clean all parameters for all variants
Added Component: Designator=R5(smd res)
Add component. Clean all parameters for all variants
Added Component: Designator=R6(smd res)
Add component. Clean all parameters for all variants
Added Component: Designator=R7(smd res)
Add component. Clean all parameters for all variants
Added Component: Designator=R8(smd res)
Add component. Clean all parameters for all variants
Added Component: Designator=R9(smd res)
Add component. Clean all parameters for all variants
Added Component: Designator=R10(smd res)
Add component. Clean all parameters for all variants
Added Component: Designator=T1(TO-92)
Add component. Clean all parameters for all variants
Added Component: Designator=T2(smd mosfet)
Add component. Clean all parameters for all variants
Added Component: Designator=T3(smd mosfet)
Add component. Clean all parameters for all variants
Added Component: Designator=T4(smd mosfet)
Add component. Clean all parameters for all variants
Added Component: Designator=T5(smd mosfet)
Add component. Clean all parameters for all variants
Added Component: Designator=T6(smd mosfet)
Add component. Clean all parameters for all variants
Added Component: Designator=T7(smd mosfet)
Add component. Clean all parameters for all variants
Added Component: Designator=U1(atmega238p)
Add component. Clean all parameters for all variants
Added Component: Designator=U2(SOIC127P1030X265-14N)
Add component. Clean all parameters for all variants
Added Component: Designator=X1(xtal)
Add component. Clean all parameters for all variants
Added Pin To Net: NetName=3.3V Pin=P4-1
Added Pin To Net: NetName=3.3V Pin=R1-2
Added Pin To Net: NetName=3.3V Pin=U1-4
Added Pin To Net: NetName=3.3V Pin=U1-6
Added Pin To Net: NetName=3.3V Pin=U1-20
Added Pin To Net: NetName=3.3V Pin=U1-29
Added Pin To Net: NetName=3.3V Pin=U2-14
Added Net: Name=3.3V
Added Pin To Net: NetName=5V Pin=*-1
Added Net: Name=5V
Added Pin To Net: NetName=26V Pin=P3-1
Added Pin To Net: NetName=26V Pin=T2-2
Added Pin To Net: NetName=26V Pin=T3-2
Added Pin To Net: NetName=26V Pin=T4-2
Added Net: Name=26V
Added Pin To Net: NetName=BackemfA Pin=R5-2
Added Pin To Net: NetName=BackemfA Pin=R8-2
Added Net: Name=BackemfA
Added Pin To Net: NetName=BackemfB Pin=R6-2
Added Pin To Net: NetName=BackemfB Pin=R9-2
Added Net: Name=BackemfB
Added Pin To Net: NetName=BackemfC Pin=R7-2
Added Pin To Net: NetName=BackemfC Pin=R10-2
Added Net: Name=BackemfC
Added Pin To Net: NetName=GND Pin=*-2
Added Pin To Net: NetName=GND Pin=C1-2
Added Pin To Net: NetName=GND Pin=C2-2
Added Pin To Net: NetName=GND Pin=P3-2
Added Pin To Net: NetName=GND Pin=P4-2
Added Pin To Net: NetName=GND Pin=R5-1
Added Pin To Net: NetName=GND Pin=R6-1
Added Pin To Net: NetName=GND Pin=R7-1
Added Pin To Net: NetName=GND Pin=T1-3
Added Pin To Net: NetName=GND Pin=T5-3
Added Pin To Net: NetName=GND Pin=T6-3
Added Pin To Net: NetName=GND Pin=T7-3
Added Pin To Net: NetName=GND Pin=U1-3
Added Pin To Net: NetName=GND Pin=U1-5
Added Pin To Net: NetName=GND Pin=U1-21
Added Pin To Net: NetName=GND Pin=U2-7
Added Pin To Net: NetName=GND Pin=X1-2
Added Pin To Net: NetName=GND Pin=X1-4
Added Net: Name=GND
Added Pin To Net: NetName=HA Pin=T2-1
Added Pin To Net: NetName=HA Pin=U2-3
Added Net: Name=HA
Added Pin To Net: NetName=HB Pin=T3-1
Added Pin To Net: NetName=HB Pin=U2-6
Added Net: Name=HB
Added Pin To Net: NetName=HC Pin=T4-1
Added Pin To Net: NetName=HC Pin=U2-8
Added Net: Name=HC
Added Pin To Net: NetName=IO8 Pin=U2-2
Added Net: Name=IO8
Added Pin To Net: NetName=IO10 Pin=U2-5
Added Net: Name=IO10
Added Pin To Net: NetName=IO12 Pin=U2-10
Added Net: Name=IO12
Added Pin To Net: NetName=LA Pin=T5-1
Added Net: Name=LA
Added Pin To Net: NetName=LB Pin=T6-1
Added Net: Name=LB
Added Pin To Net: NetName=LC Pin=T7-1
Added Net: Name=LC
Added Pin To Net: NetName=motorA Pin=P2-1
Added Net: Name=motorA
Added Pin To Net: NetName=motorB Pin=P2-2
Added Net: Name=motorB
Added Pin To Net: NetName=motorC Pin=P2-3
Added Net: Name=motorC
Added Pin To Net: NetName=Net*_3 Pin=*-3
Added Pin To Net: NetName=Net*_3 Pin=U1-26
Added Net: Name=Net*_3
Added Pin To Net: NetName=NetC1_1 Pin=C1-1
Added Pin To Net: NetName=NetC1_1 Pin=U1-7
Added Pin To Net: NetName=NetC1_1 Pin=X1-1
Added Net: Name=NetC1_1
Added Pin To Net: NetName=NetC2_1 Pin=C2-1
Added Pin To Net: NetName=NetC2_1 Pin=U1-8
Added Pin To Net: NetName=NetC2_1 Pin=X1-3
Added Net: Name=NetC2_1
Added Pin To Net: NetName=NetR1_1 Pin=R1-1
Added Pin To Net: NetName=NetR1_1 Pin=T1-1
Added Pin To Net: NetName=NetR1_1 Pin=U1-32
Added Net: Name=NetR1_1
Added Pin To Net: NetName=NetR8_1 Pin=R8-1
Added Pin To Net: NetName=NetR8_1 Pin=R9-1
Added Pin To Net: NetName=NetR8_1 Pin=R10-1
Added Pin To Net: NetName=NetR8_1 Pin=T1-2
Added Net: Name=NetR8_1
Added Pin To Net: NetName=NetT2_3 Pin=T2-3
Added Pin To Net: NetName=NetT2_3 Pin=T5-2
Added Net: Name=NetT2_3
Added Pin To Net: NetName=NetT3_3 Pin=T3-3
Added Pin To Net: NetName=NetT3_3 Pin=T6-2
Added Net: Name=NetT3_3
Added Pin To Net: NetName=NetT4_3 Pin=T4-3
Added Pin To Net: NetName=NetT4_3 Pin=T7-2
Added Net: Name=NetT4_3
Added Pin To Net: NetName=NetU1_10 Pin=U1-10
Added Net: Name=NetU1_10
Added Pin To Net: NetName=NetU1_12 Pin=U1-12
Added Net: Name=NetU1_12
Added Pin To Net: NetName=NetU1_13 Pin=U1-13
Added Net: Name=NetU1_13
Added Pin To Net: NetName=NetU1_14 Pin=U1-14
Added Net: Name=NetU1_14
Added Pin To Net: NetName=NetU1_15 Pin=U1-15
Added Net: Name=NetU1_15
Added Pin To Net: NetName=NetU1_16 Pin=U1-16
Added Net: Name=NetU1_16
Added Pin To Net: NetName=NetU1_17 Pin=U1-17
Added Net: Name=NetU1_17
Added Pin To Net: NetName=NetU1_23 Pin=U1-23
Added Net: Name=NetU1_23
Added Pin To Net: NetName=NetU1_24 Pin=U1-24
Added Net: Name=NetU1_24
Added Pin To Net: NetName=NetU1_25 Pin=U1-25
Added Net: Name=NetU1_25
Added Pin To Net: NetName=sen-A Pin=P2-4
Added Pin To Net: NetName=sen-A Pin=R2-2
Added Net: Name=sen-A
Added Pin To Net: NetName=sen-B Pin=P2-5
Added Pin To Net: NetName=sen-B Pin=R3-2
Added Net: Name=sen-B
Added Pin To Net: NetName=sen-C Pin=P2-6
Added Pin To Net: NetName=sen-C Pin=R4-2
Added Net: Name=sen-C
Added Pin To Net: NetName=Speed Pin=U2-1
Added Pin To Net: NetName=Speed Pin=U2-4
Added Pin To Net: NetName=Speed Pin=U2-9
Added Net: Name=Speed
Added Class: Name=AT long bus (13.3 x 4.5 inches)
Added Class: Name=schematic
Added Room: Name=AT long bus (13.3 x 4.5 inches)
Added Room: Name=schematic
