Remove Pin=H1-1 From Net=motorA
Remove Pin=H1-2 From Net=motorB
Remove Pin=H1-3 From Net=motorC
Remove Pin=H1-4 From Net=sen-A
Remove Pin=H1-5 From Net=sen-B
Remove Pin=H1-6 From Net=sen-C
Remove Pin=R2-2 From Net=sen-A
Remove Pin=R3-2 From Net=sen-B
Remove Pin=R4-2 From Net=sen-C
Remove Pin=T2-1 From Net=HA
Remove Pin=T3-1 From Net=HB
Remove Pin=T4-1 From Net=HC
Remove Pin=T5-1 From Net=LA
Remove Pin=T6-1 From Net=LB
Remove Pin=T7-1 From Net=LC
Remove Pin=U2-1 From Net=Speed
Remove Pin=U2-2 From Net=IO8
Remove Pin=U2-3 From Net=HA
Remove Pin=U2-4 From Net=Speed
Remove Pin=U2-5 From Net=IO10
Remove Pin=U2-6 From Net=HB
Remove Pin=U2-8 From Net=HC
Remove Pin=U2-9 From Net=Speed
Remove Pin=U2-10 From Net=IO12
