Removed Pin From Net: NetName=GND Pin=C12-2
Removed Pin From Net: NetName=GND Pin=C14-2
Removed Pin From Net: NetName=GND Pin=C15-1
Removed Pin From Net: NetName=+3.3V Pin=C15-2
Removed Pin From Net: NetName=GND Pin=C16-1
Removed Pin From Net: NetName=+3.3V Pin=C16-2
Removed Pin From Net: NetName=GND Pin=C17-1
Removed Pin From Net: NetName=+3.3V Pin=C17-2
Removed Pin From Net: NetName=GND Pin=C19-1
Removed Pin From Net: NetName=+3.3V Pin=C19-2
Removed Pin From Net: NetName=GND Pin=IC2-2
Removed Pin From Net: NetName=GND Pin=IC2-11
Removed Pin From Net: NetName=+3.3V Pin=IC2-15
Removed Pin From Net: NetName=GND Pin=IC2-18
Removed Pin From Net: NetName=+3.3V Pin=IC2-19
Removed Pin From Net: NetName=+3.3V Pin=IC2-20
Removed Pin From Net: NetName=GND Pin=IC2-21
Removed Pin From Net: NetName=GND Pin=IC2-22
Removed Pin From Net: NetName=+3.3V Pin=IC2-28
Removed Pin From Net: NetName=+3.3V Pin=L1-1
Removed Pin From Net: NetName=GND Pin=R2-2
Removed Pin From Net: NetName=NetC3_1 Pin=R3-2
Removed Pin From Net: NetName=+3.3V Pin=R8-1
Removed Pin From Net: NetName=+3.3V Pin=R10-1
Removed Pin From Net: NetName=GND Pin=R12-1
Removed Pin From Net: NetName=+5 Pin=R19-2
Removed Pin From Net: NetName=+5 Pin=R20-2
Removed Pin From Net: NetName=+5 Pin=R21-2
Removed Pin From Net: NetName=+5 Pin=R22-2
Removed Member From Class: ClassName=AdcetAlSys Member=C12
Removed Member From Class: ClassName=AdcetAlSys Member=C13
Removed Member From Class: ClassName=AdcetAlSys Member=C14
Removed Member From Class: ClassName=AdcetAlSys Member=C15
Removed Member From Class: ClassName=AdcetAlSys Member=C16
Removed Member From Class: ClassName=AdcetAlSys Member=C17
Removed Member From Class: ClassName=AdcetAlSys Member=C19
Removed Member From Class: ClassName=AdcetAlSys Member=IC2
Removed Member From Class: ClassName=AdcetAlSys Member=J
Removed Member From Class: ClassName=AdcetAlSys Member=L1
Removed Member From Class: ClassName=AdcetAlSys Member=R6
Removed Member From Class: ClassName=AdcetAlSys Member=R7
Removed Member From Class: ClassName=AdcetAlSys Member=R8
Removed Member From Class: ClassName=AdcetAlSys Member=R9
Removed Member From Class: ClassName=AdcetAlSys Member=R10
Removed Member From Class: ClassName=AdcetAlSys Member=R12
Removed Member From Class: ClassName=AdcetAlSys Member=R13
Removed Member From Class: ClassName=AdcetAlSys Member=R16
Added Component: Designator=IC5(SOP65P780X200-28N)
Add component (AddParameter): Name = "Arrow Part Number"; Value = "ENC28J60T-I/SS"; VariantName = "[No Variations]"
Add component (AddParameter): Name = "Arrow Price/Stock"; Value = "https://www.arrow.com/en/products/enc28j60t-iss/microchip-technology?region=nac"; VariantName = "[No Variations]"
Add component (AddParameter): Name = "Datasheet Link"; Value = "https://mouser.componentsearchengine.com/Datasheets/2/ENC28J60T-I_SS.pdf"; VariantName = "[No Variations]"
Add component (AddParameter): Name = "Height"; Value = "2mm"; VariantName = "[No Variations]"
Add component (AddParameter): Name = "Manufacturer_Name"; Value = "Microchip"; VariantName = "[No Variations]"
Add component (AddParameter): Name = "Manufacturer_Part_Number"; Value = "ENC28J60T-I/SS"; VariantName = "[No Variations]"
Add component (AddParameter): Name = "Mouser Part Number"; Value = "579-ENC28J60T-I/SS"; VariantName = "[No Variations]"
Add component (AddParameter): Name = "Mouser Price/Stock"; Value = "https://www.mouser.co.uk/ProductDetail/Microchip-Technology/ENC28J60T-I-SS?qs=0swJU7D5CoWRYqX2omYpJQ%3D%3D"; VariantName = "[No Variations]"
Added Component: Designator=IC6(SOIC127P600X175-8N)
Add component (AddParameter): Name = "Arrow Part Number"; Value = "MCP2551T-E/SN"; VariantName = "[No Variations]"
Add component (AddParameter): Name = "Arrow Price/Stock"; Value = "https://www.arrow.com/en/products/mcp2551t-esn/microchip-technology?region=nac"; VariantName = "[No Variations]"
Add component (AddParameter): Name = "Datasheet Link"; Value = "https://componentsearchengine.com/Datasheets/1/MCP2551T-E_SN.pdf"; VariantName = "[No Variations]"
Add component (AddParameter): Name = "Height"; Value = "1.75mm"; VariantName = "[No Variations]"
Add component (AddParameter): Name = "Manufacturer_Name"; Value = "Microchip"; VariantName = "[No Variations]"
Add component (AddParameter): Name = "Manufacturer_Part_Number"; Value = "MCP2551T-E/SN"; VariantName = "[No Variations]"
Add component (AddParameter): Name = "Mouser Part Number"; Value = "579-MCP2551T-E/SN"; VariantName = "[No Variations]"
Add component (AddParameter): Name = "Mouser Price/Stock"; Value = "https://www.mouser.co.uk/ProductDetail/Microchip-Technology/MCP2551T-E-SN?qs=gZwDaUDMhIcQtLtB%252B7bOWQ%3D%3D"; VariantName = "[No Variations]"
Added Component: Designator=IC7(SOIC127P600X175-8N)
Add component (AddParameter): Name = "Arrow Part Number"; Value = "M24M01-RMN6P"; VariantName = "[No Variations]"
Add component (AddParameter): Name = "Arrow Price/Stock"; Value = "https://www.arrow.com/en/products/m24m01-rmn6p/stmicroelectronics?region=nac"; VariantName = "[No Variations]"
Add component (AddParameter): Name = "Datasheet Link"; Value = "https://datasheet.datasheetarchive.com/originals/distributors/SFDatasheet-5/sf-000111818.pdf"; VariantName = "[No Variations]"
Add component (AddParameter): Name = "Height"; Value = "1.75mm"; VariantName = "[No Variations]"
Add component (AddParameter): Name = "Manufacturer_Name"; Value = "STMicroelectronics"; VariantName = "[No Variations]"
Add component (AddParameter): Name = "Manufacturer_Part_Number"; Value = "M24M01-RMN6P"; VariantName = "[No Variations]"
Add component (AddParameter): Name = "Mouser Part Number"; Value = "511-M24M01-RMN6P"; VariantName = "[No Variations]"
Add component (AddParameter): Name = "Mouser Price/Stock"; Value = "https://www.mouser.co.uk/ProductDetail/STMicroelectronics/M24M01-RMN6P?qs=Djavi1aLnwpufYbzjHXCEA%3D%3D"; VariantName = "[No Variations]"
Added Component: Designator=IC8(SOIC127P600X175-8N)
Add component (AddParameter): Name = "Arrow Part Number"; Value = "MAX485ESA+T"; VariantName = "[No Variations]"
Add component (AddParameter): Name = "Arrow Price/Stock"; Value = "https://www.arrow.com/en/products/max485esat/maxim-integrated?region=nac"; VariantName = "[No Variations]"
Add component (AddParameter): Name = "Datasheet Link"; Value = "https://datasheets.maximintegrated.com/en/ds/MAX1487-MAX491.pdf"; VariantName = "[No Variations]"
Add component (AddParameter): Name = "Height"; Value = "1.75mm"; VariantName = "[No Variations]"
Add component (AddParameter): Name = "Manufacturer_Name"; Value = "Maxim Integrated"; VariantName = "[No Variations]"
Add component (AddParameter): Name = "Manufacturer_Part_Number"; Value = "MAX485ESA+T"; VariantName = "[No Variations]"
Add component (AddParameter): Name = "Mouser Part Number"; Value = "700-MAX485ESAT"; VariantName = "[No Variations]"
Add component (AddParameter): Name = "Mouser Price/Stock"; Value = "https://www.mouser.co.uk/ProductDetail/Maxim-Integrated/MAX485ESA%2bT?qs=LHmEVA8xxfYXmvxEk%252BFtEg%3D%3D"; VariantName = "[No Variations]"
Added Pin To Net: NetName=NetIC5_1 Pin=IC5-1
Added Pin To Net: NetName=NetIC5_2 Pin=IC5-2
Added Pin To Net: NetName=NetIC5_3 Pin=IC5-3
Added Pin To Net: NetName=NetIC5_4 Pin=IC5-4
Added Pin To Net: NetName=NetIC5_1 Pin=IC6-1
Added Pin To Net: NetName=NetIC5_2 Pin=IC6-2
Added Pin To Net: NetName=NetIC5_3 Pin=IC6-3
Added Pin To Net: NetName=NetIC5_4 Pin=IC6-4
Added Pin To Net: NetName=NetIC5_1 Pin=IC7-1
Added Pin To Net: NetName=NetIC5_2 Pin=IC7-2
Added Pin To Net: NetName=NetIC5_3 Pin=IC7-3
Added Pin To Net: NetName=NetIC5_4 Pin=IC7-4
Added Pin To Net: NetName=NetIC7_5 Pin=IC7-5
Added Pin To Net: NetName=NetIC7_6 Pin=IC7-6
Added Pin To Net: NetName=NetIC7_7 Pin=IC7-7
Added Pin To Net: NetName=NetIC7_8 Pin=IC7-8
Added Pin To Net: NetName=NetIC5_1 Pin=IC8-1
Added Pin To Net: NetName=NetIC5_2 Pin=IC8-2
Added Pin To Net: NetName=NetIC5_3 Pin=IC8-3
Added Pin To Net: NetName=NetIC5_4 Pin=IC8-4
Added Pin To Net: NetName=NetIC7_5 Pin=IC8-5
Added Pin To Net: NetName=NetIC7_6 Pin=IC8-6
Added Pin To Net: NetName=NetIC7_7 Pin=IC8-7
Added Pin To Net: NetName=NetIC7_8 Pin=IC8-8
Added Pin To Net: NetName=NetU3_7 Pin=U3-7
Added Pin To Net: NetName=NetU3_7 Pin=U3-10
Added Net: Name=NetU3_7
Added Member To Class: ClassName=AdcetAlSys Member=Component IC5 ENC28J60T-I_SS
Added Member To Class: ClassName=AdcetAlSys Member=Component IC6 MCP2551T-E_SN
Added Member To Class: ClassName=AdcetAlSys Member=Component IC7 M24M01-RMN6P
Added Member To Class: ClassName=AdcetAlSys Member=Component IC8 MAX485ESA+T
Added Room: Name=AdcetAlSys
