Added Net: Name=ArduinoA0
Added Net: Name=ArduinoDP4
Added Net: Name=ArduinoDP5
Added Net: Name=ArduinoDP6
Added Net: Name=ArduinoDP7
Added Net: Name=ArduinoDP8
Added Net: Name=ArduinoDP9
Added Net: Name=ArduinoDP11
Added Net: Name=ArduinoDP12
Added Net: Name=COL1
Added Net: Name=COL2
Added Net: Name=COL3
Added Net: Name=COL4
Added Net: Name=COL5
Added Net: Name=COL6
Added Net: Name=COL7
Added Net: Name=COL8
Added Net: Name=COL9
Added Net: Name=COL10
Added Net: Name=COL11
Added Net: Name=COL12
Added Net: Name=COL13
Added Net: Name=COL14
Added Net: Name=COL15
Added Net: Name=COL16
Added Net: Name=COL17
Added Net: Name=COL18
Added Net: Name=COL19
Added Net: Name=COL20
Added Net: Name=GND
Added Net: Name=NetIC1_14
Added Net: Name=NetIC2_14
Added Net: Name=RAW1
Added Net: Name=RAW2
Added Net: Name=RAW3
Added Net: Name=RAW4
Added Net: Name=RAW5
Added Net: Name=RAW6
Added Net: Name=RAW7
Added Net: Name=RAW8
Added Net: Name=VCC
Added Class: Name=ShiftMux
Added Room: Name=ShiftMux
