Added Component: Designator=C1(CAP ALSMD POLY 4.3MM H5.5MM)
Add component (AddParameter): Name = "Applications"; Value = "General Purpose"; VariantName = "[No Variations]"
Add component (AddParameter): Name = "Capacitance"; Value = "0.1µF"; VariantName = "[No Variations]"
Add component (AddParameter): Name = "ComponentLink1Description"; Value = "Datasheet"; VariantName = "[No Variations]"
Add component (AddParameter): Name = "ComponentLink1URL"; Value = "//media.digikey.com/pdf/Data%20Sheets/United%20Chemi-Con%20PDFs/MVA_Series_Rev_Sep2009.pdf"; VariantName = "[No Variations]"
Add component (AddParameter): Name = "ComponentLink2Description"; Value = "DigiKey Link"; VariantName = "[No Variations]"
Add component (AddParameter): Name = "ComponentLink2URL"; Value = "http://digikey.com/product-detail/en/united-chemi-con/EMVA630ADAR10MD55G/565-2140-1-ND/757301"; VariantName = "[No Variations]"
Add component (AddParameter): Name = "Device Package"; Value = "Radial, Can - SMD"; VariantName = "[No Variations]"
Add component (AddParameter): Name = "Height - Seated (Max)"; Value = "0.205" (5.20mm)"; VariantName = "[No Variations]"
Add component (AddParameter): Name = "LastUpdated"; Value = "2.09.2020 01:23:44"; VariantName = "[No Variations]"
Add component (AddParameter): Name = "Lifecycle Status"; Value = "Active"; VariantName = "[No Variations]"
Add component (AddParameter): Name = "Lifetime @ Temp."; Value = "2000 Hrs @ 85°C"; VariantName = "[No Variations]"
Add component (AddParameter): Name = "Manufacturer"; Value = "United Chemi-Con"; VariantName = "[No Variations]"
Add component (AddParameter): Name = "Minimum Order"; Value = "1"; VariantName = "[No Variations]"
Add component (AddParameter): Name = "Mounting Type"; Value = "Surface Mount"; VariantName = "[No Variations]"
Add component (AddParameter): Name = "Operating Temperature"; Value = "-40°C ~ 85°C"; VariantName = "[No Variations]"
Add component (AddParameter): Name = "Package / Case"; Value = "Radial, Can - SMD"; VariantName = "[No Variations]"
Add component (AddParameter): Name = "Packaging"; Value = "TapeAndReel"; VariantName = "[No Variations]"
Add component (AddParameter): Name = "Part Number"; Value = "EMVA630ADAR10MD55G"; VariantName = "[No Variations]"
Add component (AddParameter): Name = "Part Status"; Value = "Active"; VariantName = "[No Variations]"
Add component (AddParameter): Name = "PartId"; Value = "7095"; VariantName = "[No Variations]"
Add component (AddParameter): Name = "Polarization"; Value = "Polar"; VariantName = "[No Variations]"
Add component (AddParameter): Name = "Price"; Value = "0.07"; VariantName = "[No Variations]"
Add component (AddParameter): Name = "Ripple Current @ Low Frequency"; Value = "1.3mA @ 120Hz"; VariantName = "[No Variations]"
Add component (AddParameter): Name = "Series"; Value = "Alchip™- MVA"; VariantName = "[No Variations]"
Add component (AddParameter): Name = "Size / Dimension"; Value = "0.157" Dia (4.00mm)"; VariantName = "[No Variations]"
Add component (AddParameter): Name = "Supplier 1"; Value = "DigiKey"; VariantName = "[No Variations]"
Add component (AddParameter): Name = "Supplier Part Number 1"; Value = "565-2140-1-ND"; VariantName = "[No Variations]"
Add component (AddParameter): Name = "Surface Mount Land Size"; Value = "0.169" L x 0.169" W (4.30mm x 4.30mm)"; VariantName = "[No Variations]"
Add component (AddParameter): Name = "Tolerance"; Value = "±20%"; VariantName = "[No Variations]"
Add component (AddParameter): Name = "Value"; Value = "0.1µF"; VariantName = "[No Variations]"
Add component (AddParameter): Name = "Voltage - Rated"; Value = "63V"; VariantName = "[No Variations]"
Added Component: Designator=C2(CAP ALSMD POLY 4.3MM H5.5MM)
Add component (AddParameter): Name = "Applications"; Value = "General Purpose"; VariantName = "[No Variations]"
Add component (AddParameter): Name = "Capacitance"; Value = "0.1µF"; VariantName = "[No Variations]"
Add component (AddParameter): Name = "ComponentLink1Description"; Value = "Datasheet"; VariantName = "[No Variations]"
Add component (AddParameter): Name = "ComponentLink1URL"; Value = "//media.digikey.com/pdf/Data%20Sheets/United%20Chemi-Con%20PDFs/MVA_Series_Rev_Sep2009.pdf"; VariantName = "[No Variations]"
Add component (AddParameter): Name = "ComponentLink2Description"; Value = "DigiKey Link"; VariantName = "[No Variations]"
Add component (AddParameter): Name = "ComponentLink2URL"; Value = "http://digikey.com/product-detail/en/united-chemi-con/EMVA630ADAR10MD55G/565-2140-1-ND/757301"; VariantName = "[No Variations]"
Add component (AddParameter): Name = "Device Package"; Value = "Radial, Can - SMD"; VariantName = "[No Variations]"
Add component (AddParameter): Name = "Height - Seated (Max)"; Value = "0.205" (5.20mm)"; VariantName = "[No Variations]"
Add component (AddParameter): Name = "LastUpdated"; Value = "2.09.2020 01:23:44"; VariantName = "[No Variations]"
Add component (AddParameter): Name = "Lifecycle Status"; Value = "Active"; VariantName = "[No Variations]"
Add component (AddParameter): Name = "Lifetime @ Temp."; Value = "2000 Hrs @ 85°C"; VariantName = "[No Variations]"
Add component (AddParameter): Name = "Manufacturer"; Value = "United Chemi-Con"; VariantName = "[No Variations]"
Add component (AddParameter): Name = "Minimum Order"; Value = "1"; VariantName = "[No Variations]"
Add component (AddParameter): Name = "Mounting Type"; Value = "Surface Mount"; VariantName = "[No Variations]"
Add component (AddParameter): Name = "Operating Temperature"; Value = "-40°C ~ 85°C"; VariantName = "[No Variations]"
Add component (AddParameter): Name = "Package / Case"; Value = "Radial, Can - SMD"; VariantName = "[No Variations]"
Add component (AddParameter): Name = "Packaging"; Value = "TapeAndReel"; VariantName = "[No Variations]"
Add component (AddParameter): Name = "Part Number"; Value = "EMVA630ADAR10MD55G"; VariantName = "[No Variations]"
Add component (AddParameter): Name = "Part Status"; Value = "Active"; VariantName = "[No Variations]"
Add component (AddParameter): Name = "PartId"; Value = "7095"; VariantName = "[No Variations]"
Add component (AddParameter): Name = "Polarization"; Value = "Polar"; VariantName = "[No Variations]"
Add component (AddParameter): Name = "Price"; Value = "0.07"; VariantName = "[No Variations]"
Add component (AddParameter): Name = "Ripple Current @ Low Frequency"; Value = "1.3mA @ 120Hz"; VariantName = "[No Variations]"
Add component (AddParameter): Name = "Series"; Value = "Alchip™- MVA"; VariantName = "[No Variations]"
Add component (AddParameter): Name = "Size / Dimension"; Value = "0.157" Dia (4.00mm)"; VariantName = "[No Variations]"
Add component (AddParameter): Name = "Supplier 1"; Value = "DigiKey"; VariantName = "[No Variations]"
Add component (AddParameter): Name = "Supplier Part Number 1"; Value = "565-2140-1-ND"; VariantName = "[No Variations]"
Add component (AddParameter): Name = "Surface Mount Land Size"; Value = "0.169" L x 0.169" W (4.30mm x 4.30mm)"; VariantName = "[No Variations]"
Add component (AddParameter): Name = "Tolerance"; Value = "±20%"; VariantName = "[No Variations]"
Add component (AddParameter): Name = "Value"; Value = "0.1µF"; VariantName = "[No Variations]"
Add component (AddParameter): Name = "Voltage - Rated"; Value = "63V"; VariantName = "[No Variations]"
Added Component: Designator=IC1(DIP762W53P254L1902H420Q16N)
Add component (AddParameter): Name = "Arrow Part Number"; Value = ""; VariantName = "[No Variations]"
Add component (AddParameter): Name = "Arrow Price/Stock"; Value = ""; VariantName = "[No Variations]"
Add component (AddParameter): Name = "Datasheet Link"; Value = "https://datasheet.datasheetarchive.com/originals/distributors/SFDatasheet-4/sf-00080087.pdf"; VariantName = "[No Variations]"
Add component (AddParameter): Name = "Height"; Value = "4.2mm"; VariantName = "[No Variations]"
Add component (AddParameter): Name = "Manufacturer_Name"; Value = "NXP"; VariantName = "[No Variations]"
Add component (AddParameter): Name = "Manufacturer_Part_Number"; Value = "74HC595N"; VariantName = "[No Variations]"
Add component (AddParameter): Name = "Mouser Part Number"; Value = ""; VariantName = "[No Variations]"
Add component (AddParameter): Name = "Mouser Price/Stock"; Value = ""; VariantName = "[No Variations]"
Added Component: Designator=IC2(DIP762W53P254L1902H420Q16N)
Add component (AddParameter): Name = "Arrow Part Number"; Value = ""; VariantName = "[No Variations]"
Add component (AddParameter): Name = "Arrow Price/Stock"; Value = ""; VariantName = "[No Variations]"
Add component (AddParameter): Name = "Datasheet Link"; Value = "https://datasheet.datasheetarchive.com/originals/distributors/SFDatasheet-4/sf-00080087.pdf"; VariantName = "[No Variations]"
Add component (AddParameter): Name = "Height"; Value = "4.2mm"; VariantName = "[No Variations]"
Add component (AddParameter): Name = "Manufacturer_Name"; Value = "NXP"; VariantName = "[No Variations]"
Add component (AddParameter): Name = "Manufacturer_Part_Number"; Value = "74HC595N"; VariantName = "[No Variations]"
Add component (AddParameter): Name = "Mouser Part Number"; Value = ""; VariantName = "[No Variations]"
Add component (AddParameter): Name = "Mouser Price/Stock"; Value = ""; VariantName = "[No Variations]"
Added Component: Designator=IC3(DIP762W53P254L1902H420Q16N)
Add component (AddParameter): Name = "Arrow Part Number"; Value = ""; VariantName = "[No Variations]"
Add component (AddParameter): Name = "Arrow Price/Stock"; Value = ""; VariantName = "[No Variations]"
Add component (AddParameter): Name = "Datasheet Link"; Value = "https://datasheet.datasheetarchive.com/originals/distributors/SFDatasheet-4/sf-00080087.pdf"; VariantName = "[No Variations]"
Add component (AddParameter): Name = "Height"; Value = "4.2mm"; VariantName = "[No Variations]"
Add component (AddParameter): Name = "Manufacturer_Name"; Value = "NXP"; VariantName = "[No Variations]"
Add component (AddParameter): Name = "Manufacturer_Part_Number"; Value = "74HC595N"; VariantName = "[No Variations]"
Add component (AddParameter): Name = "Mouser Part Number"; Value = ""; VariantName = "[No Variations]"
Add component (AddParameter): Name = "Mouser Price/Stock"; Value = ""; VariantName = "[No Variations]"
Added Component: Designator=IC4(DIP802W53P254L1902H420Q16N)
Add component (AddParameter): Name = "Arrow Part Number"; Value = ""; VariantName = "[No Variations]"
Add component (AddParameter): Name = "Arrow Price/Stock"; Value = ""; VariantName = "[No Variations]"
Add component (AddParameter): Name = "Datasheet Link"; Value = "http://media.digikey.com/pdf/Data%20Sheets/NXP%20PDFs/74HC(T)4051_Rev_Feb2017.pdf"; VariantName = "[No Variations]"
Add component (AddParameter): Name = "Height"; Value = "4.2mm"; VariantName = "[No Variations]"
Add component (AddParameter): Name = "Manufacturer_Name"; Value = "Nexperia"; VariantName = "[No Variations]"
Add component (AddParameter): Name = "Manufacturer_Part_Number"; Value = "74HC4051N,652"; VariantName = "[No Variations]"
Add component (AddParameter): Name = "Mouser Part Number"; Value = ""; VariantName = "[No Variations]"
Add component (AddParameter): Name = "Mouser Price/Stock"; Value = ""; VariantName = "[No Variations]"
Added Component: Designator=IC5(DIP802W53P254L1902H420Q16N)
Add component (AddParameter): Name = "Arrow Part Number"; Value = ""; VariantName = "[No Variations]"
Add component (AddParameter): Name = "Arrow Price/Stock"; Value = ""; VariantName = "[No Variations]"
Add component (AddParameter): Name = "Datasheet Link"; Value = "http://media.digikey.com/pdf/Data%20Sheets/NXP%20PDFs/74HC(T)4051_Rev_Feb2017.pdf"; VariantName = "[No Variations]"
Add component (AddParameter): Name = "Height"; Value = "4.2mm"; VariantName = "[No Variations]"
Add component (AddParameter): Name = "Manufacturer_Name"; Value = "Nexperia"; VariantName = "[No Variations]"
Add component (AddParameter): Name = "Manufacturer_Part_Number"; Value = "74HC4051N,652"; VariantName = "[No Variations]"
Add component (AddParameter): Name = "Mouser Part Number"; Value = ""; VariantName = "[No Variations]"
Add component (AddParameter): Name = "Mouser Price/Stock"; Value = ""; VariantName = "[No Variations]"
Added Pin To Net: NetName=+5 Pin=IC1-10
Added Pin To Net: NetName=+5 Pin=IC1-16
Added Pin To Net: NetName=+5 Pin=IC2-10
Added Pin To Net: NetName=+5 Pin=IC2-16
Added Pin To Net: NetName=+5 Pin=IC3-10
Added Pin To Net: NetName=+5 Pin=IC3-16
Added Pin To Net: NetName=+5 Pin=IC4-16
Added Pin To Net: NetName=+5 Pin=IC5-16
Added Net: Name=+5
Added Pin To Net: NetName=ArduinoA0 Pin=IC4-3
Added Pin To Net: NetName=ArduinoA0 Pin=IC5-3
Added Net: Name=ArduinoA0
Added Pin To Net: NetName=ArduinoDP4 Pin=IC4-9
Added Pin To Net: NetName=ArduinoDP4 Pin=IC5-9
Added Net: Name=ArduinoDP4
Added Pin To Net: NetName=ArduinoDP5 Pin=IC4-10
Added Pin To Net: NetName=ArduinoDP5 Pin=IC5-10
Added Net: Name=ArduinoDP5
Added Pin To Net: NetName=ArduinoDP6 Pin=IC4-11
Added Pin To Net: NetName=ArduinoDP6 Pin=IC5-11
Added Net: Name=ArduinoDP6
Added Pin To Net: NetName=ArduinoDP7 Pin=IC4-6
Added Net: Name=ArduinoDP7
Added Pin To Net: NetName=ArduinoDP8 Pin=IC1-12
Added Pin To Net: NetName=ArduinoDP8 Pin=IC2-12
Added Pin To Net: NetName=ArduinoDP8 Pin=IC3-12
Added Net: Name=ArduinoDP8
Added Pin To Net: NetName=ArduinoDP9 Pin=IC5-6
Added Net: Name=ArduinoDP9
Added Pin To Net: NetName=ArduinoDP11 Pin=IC1-14
Added Net: Name=ArduinoDP11
Added Pin To Net: NetName=ArduinoDP12 Pin=IC1-11
Added Pin To Net: NetName=ArduinoDP12 Pin=IC2-11
Added Pin To Net: NetName=ArduinoDP12 Pin=IC3-11
Added Net: Name=ArduinoDP12
Added Pin To Net: NetName=COL1 Pin=IC3-2
Added Net: Name=COL1
Added Pin To Net: NetName=COL2 Pin=IC3-3
Added Net: Name=COL2
Added Pin To Net: NetName=COL3 Pin=IC3-4
Added Net: Name=COL3
Added Pin To Net: NetName=COL4 Pin=IC3-5
Added Net: Name=COL4
Added Pin To Net: NetName=COL5 Pin=IC3-6
Added Net: Name=COL5
Added Pin To Net: NetName=COL6 Pin=IC3-7
Added Net: Name=COL6
Added Pin To Net: NetName=COL7 Pin=IC2-1
Added Net: Name=COL7
Added Pin To Net: NetName=COL8 Pin=IC2-2
Added Net: Name=COL8
Added Pin To Net: NetName=COL9 Pin=IC2-3
Added Net: Name=COL9
Added Pin To Net: NetName=COL10 Pin=IC2-4
Added Net: Name=COL10
Added Pin To Net: NetName=COL11 Pin=IC2-5
Added Net: Name=COL11
Added Pin To Net: NetName=COL12 Pin=IC2-6
Added Net: Name=COL12
Added Pin To Net: NetName=COL13 Pin=IC2-7
Added Net: Name=COL13
Added Pin To Net: NetName=COL14 Pin=IC1-1
Added Net: Name=COL14
Added Pin To Net: NetName=COL15 Pin=IC1-2
Added Net: Name=COL15
Added Pin To Net: NetName=COL16 Pin=IC1-3
Added Net: Name=COL16
Added Pin To Net: NetName=COL17 Pin=IC1-4
Added Net: Name=COL17
Added Pin To Net: NetName=COL18 Pin=IC1-5
Added Net: Name=COL18
Added Pin To Net: NetName=COL19 Pin=IC1-6
Added Net: Name=COL19
Added Pin To Net: NetName=COL20 Pin=IC1-7
Added Net: Name=COL20
Added Pin To Net: NetName=GND1 Pin=IC1-8
Added Net: Name=GND1
Added Pin To Net: NetName=GND2 Pin=IC2-8
Added Net: Name=GND2
Added Pin To Net: NetName=GND3 Pin=IC3-8
Added Net: Name=GND3
Added Pin To Net: NetName=GND Pin=C1-2
Added Pin To Net: NetName=GND Pin=C2-2
Added Pin To Net: NetName=GND Pin=IC1-13
Added Pin To Net: NetName=GND Pin=IC2-13
Added Pin To Net: NetName=GND Pin=IC3-13
Added Pin To Net: NetName=GND Pin=IC4-8
Added Pin To Net: NetName=GND Pin=IC5-8
Added Net: Name=GND
Added Pin To Net: NetName=NetIC1_9 Pin=IC1-9
Added Pin To Net: NetName=NetIC1_9 Pin=IC2-14
Added Net: Name=NetIC1_9
Added Pin To Net: NetName=NetIC2_9 Pin=IC2-9
Added Pin To Net: NetName=NetIC2_9 Pin=IC3-14
Added Net: Name=NetIC2_9
Added Pin To Net: NetName=RAW1 Pin=IC4-15
Added Net: Name=RAW1
Added Pin To Net: NetName=RAW2 Pin=IC4-14
Added Net: Name=RAW2
Added Pin To Net: NetName=RAW3 Pin=IC4-13
Added Net: Name=RAW3
Added Pin To Net: NetName=RAW4 Pin=IC4-12
Added Net: Name=RAW4
Added Pin To Net: NetName=RAW5 Pin=IC5-15
Added Net: Name=RAW5
Added Pin To Net: NetName=RAW6 Pin=IC5-14
Added Net: Name=RAW6
Added Pin To Net: NetName=RAW7 Pin=IC5-13
Added Net: Name=RAW7
Added Pin To Net: NetName=RAW8 Pin=IC5-12
Added Net: Name=RAW8
Added Pin To Net: NetName=VCC Pin=C1-1
Added Pin To Net: NetName=VCC Pin=C2-1
Added Pin To Net: NetName=VCC Pin=IC4-7
Added Pin To Net: NetName=VCC Pin=IC5-7
Added Net: Name=VCC
Added Class: Name=ShiftMux
