Remove Pin=ArduinoMux-1 From Net=ArduinoDP9
Remove Pin=ArduinoMux-2 From Net=ArduinoDP4
Remove Pin=ArduinoMux-3 From Net=ArduinoDP5
Remove Pin=ArduinoMux-4 From Net=ArduinoDP6
Remove Pin=ArduinoMux-5 From Net=ArduinoDP7
Remove Pin=ArduinoMux-6 From Net=ArduinoA0
Remove Pin=ArduinoShift-1 From Net=ArduinoDP11
Remove Pin=ArduinoShift-2 From Net=ArduinoDP8
Remove Pin=ArduinoShift-3 From Net=ArduinoDP12
Remove Pin=COLS1-1 From Net=COL20
Remove Pin=COLS1-2 From Net=COL19
Remove Pin=COLS1-3 From Net=COL18
Remove Pin=COLS1-4 From Net=COL17
Remove Pin=COLS1-5 From Net=COL16
Remove Pin=COLS1-6 From Net=COL15
Remove Pin=COLS1-7 From Net=COL14
Remove Pin=COLS1-8 From Net=COL13
Remove Pin=COLS1-9 From Net=COL12
Remove Pin=COLS1-10 From Net=COL11
Remove Pin=COLS1-11 From Net=COL10
Remove Pin=COLS1-12 From Net=COL9
Remove Pin=COLS-1 From Net=COL8
Remove Pin=COLS-2 From Net=COL7
Remove Pin=COLS-3 From Net=COL6
Remove Pin=COLS-4 From Net=COL5
Remove Pin=COLS-5 From Net=COL4
Remove Pin=COLS-6 From Net=COL3
Remove Pin=COLS-7 From Net=COL2
Remove Pin=COLS-8 From Net=COL1
Remove Pin=IC1-2 From Net=COL1
Remove Pin=IC1-3 From Net=COL2
Remove Pin=IC1-4 From Net=COL3
Remove Pin=IC1-5 From Net=COL4
Remove Pin=IC1-6 From Net=COL5
Remove Pin=IC1-7 From Net=COL6
Remove Pin=IC1-8 From Net=GND
Remove Pin=IC1-11 From Net=ArduinoDP12
Remove Pin=IC1-12 From Net=ArduinoDP8
Remove Pin=IC2-1 From Net=COL7
Remove Pin=IC2-2 From Net=COL8
Remove Pin=IC2-3 From Net=COL9
Remove Pin=IC2-4 From Net=COL10
Remove Pin=IC2-5 From Net=COL11
Remove Pin=IC2-6 From Net=COL12
Remove Pin=IC2-7 From Net=COL13
Remove Pin=IC2-8 From Net=GND
Remove Pin=IC2-11 From Net=ArduinoDP12
Remove Pin=IC2-12 From Net=ArduinoDP8
Remove Pin=IC3-1 From Net=COL14
Remove Pin=IC3-2 From Net=COL15
Remove Pin=IC3-3 From Net=COL16
Remove Pin=IC3-4 From Net=COL17
Remove Pin=IC3-5 From Net=COL18
Remove Pin=IC3-6 From Net=COL19
Remove Pin=IC3-7 From Net=COL20
Remove Pin=IC3-8 From Net=GND
Remove Pin=IC3-11 From Net=ArduinoDP12
Remove Pin=IC3-12 From Net=ArduinoDP8
Remove Pin=IC3-14 From Net=ArduinoDP11
Remove Pin=IC4-6 From Net=ArduinoDP7
Remove Pin=IC4-12 From Net=RAW4
Remove Pin=IC4-13 From Net=RAW3
Remove Pin=IC4-14 From Net=RAW2
Remove Pin=IC4-15 From Net=RAW1
Remove Pin=IC5-6 From Net=ArduinoDP9
Remove Pin=IC5-12 From Net=RAW8
Remove Pin=IC5-13 From Net=RAW7
Remove Pin=IC5-14 From Net=RAW6
Remove Pin=IC5-15 From Net=RAW5
Remove Pin=RAWS-1 From Net=RAW1
Remove Pin=RAWS-2 From Net=RAW2
Remove Pin=RAWS-3 From Net=RAW3
Remove Pin=RAWS-4 From Net=RAW4
Remove Pin=RAWS-5 From Net=RAW5
Remove Pin=RAWS-6 From Net=RAW6
Remove Pin=RAWS-7 From Net=RAW7
Remove Pin=RAWS-8 From Net=RAW8
